<?xml version="1.0" encoding="UTF-8"?>
<!-- Generated by org.testng.reporters.JUnitReportReporter -->
<testsuite hostname="DESKTOP-49TKC48" name="demo.Para" tests="2" failures="0" timestamp="6 Jan 2021 09:39:43 GMT" time="18.486" errors="0">
  <testcase name="para_exec" time="5.734" classname="demo.Para"/>
  <testcase name="para_exec" time="12.752" classname="demo.Para"/>
</testsuite> <!-- demo.Para -->
